[MainThread] - 2025-07-01 09:08:47,199 - INFO - Logging configurado com sucesso.
[MainThread] - 2025-07-01 09:08:51,096 - INFO - Iniciando o processo de extração de dados de royalties.
[MainThread] - 2025-07-01 09:08:51,097 - INFO -  Iniciando extração paralela com 3 workers para 12 meses/anos.
[MainThread] - 2025-07-01 09:08:51,099 - INFO -  Iniciando driver do Chrome...

[MainThread] - 2025-07-01 09:08:51,102 - INFO -  Iniciando driver do Chrome...

[MainThread] - 2025-07-01 09:08:51,105 - INFO -  Iniciando driver do Chrome...

[MainThread] - 2025-07-01 09:08:56,492 - INFO - Aba Pagamentos selecionada com sucesso.

[MainThread] - 2025-07-01 09:08:56,511 - INFO -  Página carregada com sucesso.

[MainThread] - 2025-07-01 09:08:56,512 - INFO -  Iniciando extração para 03/2023
[MainThread] - 2025-07-01 09:08:58,264 - INFO - Aba Pagamentos selecionada com sucesso.

[MainThread] - 2025-07-01 09:08:58,286 - INFO -  Página carregada com sucesso.

[MainThread] - 2025-07-01 09:08:58,287 - INFO -  Iniciando extração para 02/2023
[MainThread] - 2025-07-01 09:08:58,524 - INFO - Aba Pagamentos selecionada com sucesso.

[MainThread] - 2025-07-01 09:08:58,549 - INFO -  Página carregada com sucesso.

[MainThread] - 2025-07-01 09:08:58,550 - INFO -  Iniciando extração para 01/2023
[MainThread] - 2025-07-01 09:09:06,730 - ERROR -  Erro durante a extração para 03/2023: Message: 
Stacktrace:
	GetHandleVerifier [0x0xfa4553+62419]
	GetHandleVerifier [0x0xfa4594+62484]
	(No symbol) [0x0xde2133]
	(No symbol) [0x0xe2a8fe]
	(No symbol) [0x0xe2ac9b]
	(No symbol) [0x0xe73052]
	(No symbol) [0x0xe4f4b4]
	(No symbol) [0x0xe7087a]
	(No symbol) [0x0xe4f266]
	(No symbol) [0x0xe1e852]
	(No symbol) [0x0xe1f6f4]
	GetHandleVerifier [0x0x1214833+2619059]
	GetHandleVerifier [0x0x120fc4a+2599626]
	GetHandleVerifier [0x0xfcb0fa+221050]
	GetHandleVerifier [0x0xfbb378+156152]
	GetHandleVerifier [0x0xfc1d2d+183213]
	GetHandleVerifier [0x0xfac438+94904]
	GetHandleVerifier [0x0xfac5c2+95298]
	GetHandleVerifier [0x0xf9771a+9626]
	BaseThreadInitThunk [0x0x76e37ba9+25]
	RtlInitializeExceptionChain [0x0x7752c28b+107]
	RtlClearBits [0x0x7752c20f+191]

[MainThread] - 2025-07-01 09:09:08,489 - ERROR -  Erro durante a extração para 02/2023: Message: 
Stacktrace:
	GetHandleVerifier [0x0xfa4553+62419]
	GetHandleVerifier [0x0xfa4594+62484]
	(No symbol) [0x0xde2133]
	(No symbol) [0x0xe2a8fe]
	(No symbol) [0x0xe2ac9b]
	(No symbol) [0x0xe73052]
	(No symbol) [0x0xe4f4b4]
	(No symbol) [0x0xe7087a]
	(No symbol) [0x0xe4f266]
	(No symbol) [0x0xe1e852]
	(No symbol) [0x0xe1f6f4]
	GetHandleVerifier [0x0x1214833+2619059]
	GetHandleVerifier [0x0x120fc4a+2599626]
	GetHandleVerifier [0x0xfcb0fa+221050]
	GetHandleVerifier [0x0xfbb378+156152]
	GetHandleVerifier [0x0xfc1d2d+183213]
	GetHandleVerifier [0x0xfac438+94904]
	GetHandleVerifier [0x0xfac5c2+95298]
	GetHandleVerifier [0x0xf9771a+9626]
	BaseThreadInitThunk [0x0x76e37ba9+25]
	RtlInitializeExceptionChain [0x0x7752c28b+107]
	RtlClearBits [0x0x7752c20f+191]

[MainThread] - 2025-07-01 09:09:08,765 - ERROR -  Erro durante a extração para 01/2023: Message: 
Stacktrace:
	GetHandleVerifier [0x0xfa4553+62419]
	GetHandleVerifier [0x0xfa4594+62484]
	(No symbol) [0x0xde2133]
	(No symbol) [0x0xe2a8fe]
	(No symbol) [0x0xe2ac9b]
	(No symbol) [0x0xe73052]
	(No symbol) [0x0xe4f4b4]
	(No symbol) [0x0xe7087a]
	(No symbol) [0x0xe4f266]
	(No symbol) [0x0xe1e852]
	(No symbol) [0x0xe1f6f4]
	GetHandleVerifier [0x0x1214833+2619059]
	GetHandleVerifier [0x0x120fc4a+2599626]
	GetHandleVerifier [0x0xfcb0fa+221050]
	GetHandleVerifier [0x0xfbb378+156152]
	GetHandleVerifier [0x0xfc1d2d+183213]
	GetHandleVerifier [0x0xfac438+94904]
	GetHandleVerifier [0x0xfac5c2+95298]
	GetHandleVerifier [0x0xf9771a+9626]
	BaseThreadInitThunk [0x0x76e37ba9+25]
	RtlInitializeExceptionChain [0x0x7752c28b+107]
	RtlClearBits [0x0x7752c20f+191]

[MainThread] - 2025-07-01 09:09:09,409 - INFO -  Iniciando driver do Chrome...

[MainThread] - 2025-07-01 09:09:10,789 - INFO -  Iniciando driver do Chrome...

[MainThread] - 2025-07-01 09:09:10,883 - INFO -  Iniciando driver do Chrome...

[MainThread] - 2025-07-01 09:09:14,394 - INFO - Aba Pagamentos selecionada com sucesso.

[MainThread] - 2025-07-01 09:09:14,408 - INFO -  Página carregada com sucesso.

[MainThread] - 2025-07-01 09:09:14,409 - INFO -  Iniciando extração para 04/2023
[MainThread] - 2025-07-01 09:09:15,805 - INFO - Aba Pagamentos selecionada com sucesso.

[MainThread] - 2025-07-01 09:09:15,824 - INFO -  Página carregada com sucesso.

[MainThread] - 2025-07-01 09:09:15,825 - INFO -  Iniciando extração para 05/2023
[MainThread] - 2025-07-01 09:09:15,856 - INFO - Aba Pagamentos selecionada com sucesso.

[MainThread] - 2025-07-01 09:09:15,878 - INFO -  Página carregada com sucesso.

[MainThread] - 2025-07-01 09:09:15,879 - INFO -  Iniciando extração para 06/2023
[MainThread] - 2025-07-01 09:09:24,612 - ERROR -  Erro durante a extração para 04/2023: Message: 
Stacktrace:
	GetHandleVerifier [0x0xfa4553+62419]
	GetHandleVerifier [0x0xfa4594+62484]
	(No symbol) [0x0xde2133]
	(No symbol) [0x0xe2a8fe]
	(No symbol) [0x0xe2ac9b]
	(No symbol) [0x0xe73052]
	(No symbol) [0x0xe4f4b4]
	(No symbol) [0x0xe7087a]
	(No symbol) [0x0xe4f266]
	(No symbol) [0x0xe1e852]
	(No symbol) [0x0xe1f6f4]
	GetHandleVerifier [0x0x1214833+2619059]
	GetHandleVerifier [0x0x120fc4a+2599626]
	GetHandleVerifier [0x0xfcb0fa+221050]
	GetHandleVerifier [0x0xfbb378+156152]
	GetHandleVerifier [0x0xfc1d2d+183213]
	GetHandleVerifier [0x0xfac438+94904]
	GetHandleVerifier [0x0xfac5c2+95298]
	GetHandleVerifier [0x0xf9771a+9626]
	BaseThreadInitThunk [0x0x76e37ba9+25]
	RtlInitializeExceptionChain [0x0x7752c28b+107]
	RtlClearBits [0x0x7752c20f+191]

[MainThread] - 2025-07-01 09:09:26,039 - ERROR -  Erro durante a extração para 05/2023: Message: 
Stacktrace:
	GetHandleVerifier [0x0xfa4553+62419]
	GetHandleVerifier [0x0xfa4594+62484]
	(No symbol) [0x0xde2133]
	(No symbol) [0x0xe2a8fe]
	(No symbol) [0x0xe2ac9b]
	(No symbol) [0x0xe73052]
	(No symbol) [0x0xe4f4b4]
	(No symbol) [0x0xe7087a]
	(No symbol) [0x0xe4f266]
	(No symbol) [0x0xe1e852]
	(No symbol) [0x0xe1f6f4]
	GetHandleVerifier [0x0x1214833+2619059]
	GetHandleVerifier [0x0x120fc4a+2599626]
	GetHandleVerifier [0x0xfcb0fa+221050]
	GetHandleVerifier [0x0xfbb378+156152]
	GetHandleVerifier [0x0xfc1d2d+183213]
	GetHandleVerifier [0x0xfac438+94904]
	GetHandleVerifier [0x0xfac5c2+95298]
	GetHandleVerifier [0x0xf9771a+9626]
	BaseThreadInitThunk [0x0x76e37ba9+25]
	RtlInitializeExceptionChain [0x0x7752c28b+107]
	RtlClearBits [0x0x7752c20f+191]

[MainThread] - 2025-07-01 09:09:26,073 - ERROR -  Erro durante a extração para 06/2023: Message: 
Stacktrace:
	GetHandleVerifier [0x0xfa4553+62419]
	GetHandleVerifier [0x0xfa4594+62484]
	(No symbol) [0x0xde2133]
	(No symbol) [0x0xe2a8fe]
	(No symbol) [0x0xe2ac9b]
	(No symbol) [0x0xe73052]
	(No symbol) [0x0xe4f4b4]
	(No symbol) [0x0xe7087a]
	(No symbol) [0x0xe4f266]
	(No symbol) [0x0xe1e852]
	(No symbol) [0x0xe1f6f4]
	GetHandleVerifier [0x0x1214833+2619059]
	GetHandleVerifier [0x0x120fc4a+2599626]
	GetHandleVerifier [0x0xfcb0fa+221050]
	GetHandleVerifier [0x0xfbb378+156152]
	GetHandleVerifier [0x0xfc1d2d+183213]
	GetHandleVerifier [0x0xfac438+94904]
	GetHandleVerifier [0x0xfac5c2+95298]
	GetHandleVerifier [0x0xf9771a+9626]
	BaseThreadInitThunk [0x0x76e37ba9+25]
	RtlInitializeExceptionChain [0x0x7752c28b+107]
	RtlClearBits [0x0x7752c20f+191]

[MainThread] - 2025-07-01 09:09:27,292 - INFO -  Iniciando driver do Chrome...

[MainThread] - 2025-07-01 09:09:28,336 - INFO -  Iniciando driver do Chrome...

[MainThread] - 2025-07-01 09:09:29,773 - INFO -  Iniciando driver do Chrome...

[MainThread] - 2025-07-01 09:09:31,514 - INFO - Aba Pagamentos selecionada com sucesso.

[MainThread] - 2025-07-01 09:09:31,561 - INFO -  Página carregada com sucesso.

[MainThread] - 2025-07-01 09:09:31,563 - INFO -  Iniciando extração para 07/2023
[MainThread] - 2025-07-01 09:09:32,913 - INFO - Aba Pagamentos selecionada com sucesso.

[MainThread] - 2025-07-01 09:09:32,928 - INFO -  Página carregada com sucesso.

[MainThread] - 2025-07-01 09:09:32,929 - INFO -  Iniciando extração para 08/2023
[MainThread] - 2025-07-01 09:09:34,355 - INFO - Aba Pagamentos selecionada com sucesso.

[MainThread] - 2025-07-01 09:09:34,370 - INFO -  Página carregada com sucesso.

[MainThread] - 2025-07-01 09:09:34,371 - INFO -  Iniciando extração para 09/2023
[MainThread] - 2025-07-01 09:09:41,836 - ERROR -  Erro durante a extração para 07/2023: Message: 
Stacktrace:
	GetHandleVerifier [0x0xfa4553+62419]
	GetHandleVerifier [0x0xfa4594+62484]
	(No symbol) [0x0xde2133]
	(No symbol) [0x0xe2a8fe]
	(No symbol) [0x0xe2ac9b]
	(No symbol) [0x0xe73052]
	(No symbol) [0x0xe4f4b4]
	(No symbol) [0x0xe7087a]
	(No symbol) [0x0xe4f266]
	(No symbol) [0x0xe1e852]
	(No symbol) [0x0xe1f6f4]
	GetHandleVerifier [0x0x1214833+2619059]
	GetHandleVerifier [0x0x120fc4a+2599626]
	GetHandleVerifier [0x0xfcb0fa+221050]
	GetHandleVerifier [0x0xfbb378+156152]
	GetHandleVerifier [0x0xfc1d2d+183213]
	GetHandleVerifier [0x0xfac438+94904]
	GetHandleVerifier [0x0xfac5c2+95298]
	GetHandleVerifier [0x0xf9771a+9626]
	BaseThreadInitThunk [0x0x76e37ba9+25]
	RtlInitializeExceptionChain [0x0x7752c28b+107]
	RtlClearBits [0x0x7752c20f+191]

[MainThread] - 2025-07-01 09:09:43,124 - ERROR -  Erro durante a extração para 08/2023: Message: 
Stacktrace:
	GetHandleVerifier [0x0xfa4553+62419]
	GetHandleVerifier [0x0xfa4594+62484]
	(No symbol) [0x0xde2133]
	(No symbol) [0x0xe2a8fe]
	(No symbol) [0x0xe2ac9b]
	(No symbol) [0x0xe73052]
	(No symbol) [0x0xe4f4b4]
	(No symbol) [0x0xe7087a]
	(No symbol) [0x0xe4f266]
	(No symbol) [0x0xe1e852]
	(No symbol) [0x0xe1f6f4]
	GetHandleVerifier [0x0x1214833+2619059]
	GetHandleVerifier [0x0x120fc4a+2599626]
	GetHandleVerifier [0x0xfcb0fa+221050]
	GetHandleVerifier [0x0xfbb378+156152]
	GetHandleVerifier [0x0xfc1d2d+183213]
	GetHandleVerifier [0x0xfac438+94904]
	GetHandleVerifier [0x0xfac5c2+95298]
	GetHandleVerifier [0x0xf9771a+9626]
	BaseThreadInitThunk [0x0x76e37ba9+25]
	RtlInitializeExceptionChain [0x0x7752c28b+107]
	RtlClearBits [0x0x7752c20f+191]

[MainThread] - 2025-07-01 09:09:44,530 - INFO -  Iniciando driver do Chrome...

[MainThread] - 2025-07-01 09:09:44,574 - ERROR -  Erro durante a extração para 09/2023: Message: 
Stacktrace:
	GetHandleVerifier [0x0xfa4553+62419]
	GetHandleVerifier [0x0xfa4594+62484]
	(No symbol) [0x0xde2133]
	(No symbol) [0x0xe2a8fe]
	(No symbol) [0x0xe2ac9b]
	(No symbol) [0x0xe73052]
	(No symbol) [0x0xe4f4b4]
	(No symbol) [0x0xe7087a]
	(No symbol) [0x0xe4f266]
	(No symbol) [0x0xe1e852]
	(No symbol) [0x0xe1f6f4]
	GetHandleVerifier [0x0x1214833+2619059]
	GetHandleVerifier [0x0x120fc4a+2599626]
	GetHandleVerifier [0x0xfcb0fa+221050]
	GetHandleVerifier [0x0xfbb378+156152]
	GetHandleVerifier [0x0xfc1d2d+183213]
	GetHandleVerifier [0x0xfac438+94904]
	GetHandleVerifier [0x0xfac5c2+95298]
	GetHandleVerifier [0x0xf9771a+9626]
	BaseThreadInitThunk [0x0x76e37ba9+25]
	RtlInitializeExceptionChain [0x0x7752c28b+107]
	RtlClearBits [0x0x7752c20f+191]

[MainThread] - 2025-07-01 09:09:46,833 - INFO -  Iniciando driver do Chrome...

[MainThread] - 2025-07-01 09:09:46,928 - INFO -  Iniciando driver do Chrome...

[MainThread] - 2025-07-01 09:09:49,144 - INFO - Aba Pagamentos selecionada com sucesso.

[MainThread] - 2025-07-01 09:09:49,179 - INFO -  Página carregada com sucesso.

[MainThread] - 2025-07-01 09:09:49,181 - INFO -  Iniciando extração para 10/2023
[MainThread] - 2025-07-01 09:09:51,680 - INFO - Aba Pagamentos selecionada com sucesso.

[MainThread] - 2025-07-01 09:09:51,696 - INFO -  Página carregada com sucesso.

[MainThread] - 2025-07-01 09:09:51,697 - INFO -  Iniciando extração para 11/2023
[MainThread] - 2025-07-01 09:09:51,727 - INFO - Aba Pagamentos selecionada com sucesso.

[MainThread] - 2025-07-01 09:09:51,745 - INFO -  Página carregada com sucesso.

[MainThread] - 2025-07-01 09:09:51,746 - INFO -  Iniciando extração para 12/2023
[MainThread] - 2025-07-01 09:09:59,407 - ERROR -  Erro durante a extração para 10/2023: Message: 
Stacktrace:
	GetHandleVerifier [0x0xfa4553+62419]
	GetHandleVerifier [0x0xfa4594+62484]
	(No symbol) [0x0xde2133]
	(No symbol) [0x0xe2a8fe]
	(No symbol) [0x0xe2ac9b]
	(No symbol) [0x0xe73052]
	(No symbol) [0x0xe4f4b4]
	(No symbol) [0x0xe7087a]
	(No symbol) [0x0xe4f266]
	(No symbol) [0x0xe1e852]
	(No symbol) [0x0xe1f6f4]
	GetHandleVerifier [0x0x1214833+2619059]
	GetHandleVerifier [0x0x120fc4a+2599626]
	GetHandleVerifier [0x0xfcb0fa+221050]
	GetHandleVerifier [0x0xfbb378+156152]
	GetHandleVerifier [0x0xfc1d2d+183213]
	GetHandleVerifier [0x0xfac438+94904]
	GetHandleVerifier [0x0xfac5c2+95298]
	GetHandleVerifier [0x0xf9771a+9626]
	BaseThreadInitThunk [0x0x76e37ba9+25]
	RtlInitializeExceptionChain [0x0x7752c28b+107]
	RtlClearBits [0x0x7752c20f+191]

[MainThread] - 2025-07-01 09:10:01,895 - ERROR -  Erro durante a extração para 11/2023: Message: 
Stacktrace:
	GetHandleVerifier [0x0xfa4553+62419]
	GetHandleVerifier [0x0xfa4594+62484]
	(No symbol) [0x0xde2133]
	(No symbol) [0x0xe2a8fe]
	(No symbol) [0x0xe2ac9b]
	(No symbol) [0x0xe73052]
	(No symbol) [0x0xe4f4b4]
	(No symbol) [0x0xe7087a]
	(No symbol) [0x0xe4f266]
	(No symbol) [0x0xe1e852]
	(No symbol) [0x0xe1f6f4]
	GetHandleVerifier [0x0x1214833+2619059]
	GetHandleVerifier [0x0x120fc4a+2599626]
	GetHandleVerifier [0x0xfcb0fa+221050]
	GetHandleVerifier [0x0xfbb378+156152]
	GetHandleVerifier [0x0xfc1d2d+183213]
	GetHandleVerifier [0x0xfac438+94904]
	GetHandleVerifier [0x0xfac5c2+95298]
	GetHandleVerifier [0x0xf9771a+9626]
	BaseThreadInitThunk [0x0x76e37ba9+25]
	RtlInitializeExceptionChain [0x0x7752c28b+107]
	RtlClearBits [0x0x7752c20f+191]

[MainThread] - 2025-07-01 09:10:01,956 - ERROR -  Erro durante a extração para 12/2023: Message: 
Stacktrace:
	GetHandleVerifier [0x0xfa4553+62419]
	GetHandleVerifier [0x0xfa4594+62484]
	(No symbol) [0x0xde2133]
	(No symbol) [0x0xe2a8fe]
	(No symbol) [0x0xe2ac9b]
	(No symbol) [0x0xe73052]
	(No symbol) [0x0xe4f4b4]
	(No symbol) [0x0xe7087a]
	(No symbol) [0x0xe4f266]
	(No symbol) [0x0xe1e852]
	(No symbol) [0x0xe1f6f4]
	GetHandleVerifier [0x0x1214833+2619059]
	GetHandleVerifier [0x0x120fc4a+2599626]
	GetHandleVerifier [0x0xfcb0fa+221050]
	GetHandleVerifier [0x0xfbb378+156152]
	GetHandleVerifier [0x0xfc1d2d+183213]
	GetHandleVerifier [0x0xfac438+94904]
	GetHandleVerifier [0x0xfac5c2+95298]
	GetHandleVerifier [0x0xf9771a+9626]
	BaseThreadInitThunk [0x0x76e37ba9+25]
	RtlInitializeExceptionChain [0x0x7752c28b+107]
	RtlClearBits [0x0x7752c20f+191]

[MainThread] - 2025-07-01 09:10:04,243 - INFO -  Extração paralela concluída.
