[MainThread] - 2025-07-01 19:30:50,871 - INFO - Logging configurado com sucesso.
[MainThread] - 2025-07-01 19:31:15,344 - INFO - Iniciando o processo de extração de dados de royalties.
[MainThread] - 2025-07-01 19:31:15,346 - INFO -  Iniciando extração paralela com 3 workers para 12 meses/anos.
[MainThread] - 2025-07-01 19:31:15,349 - INFO -  Iniciando driver do Chrome...

[MainThread] - 2025-07-01 19:31:15,352 - INFO -  Iniciando driver do Chrome...

[MainThread] - 2025-07-01 19:31:15,354 - INFO -  Iniciando driver do Chrome...

[MainThread] - 2025-07-01 19:31:21,735 - INFO - Aba Pagamentos selecionada com sucesso.

[MainThread] - 2025-07-01 19:31:21,759 - INFO -  Página carregada com sucesso.

[MainThread] - 2025-07-01 19:31:21,760 - INFO -  Iniciando extração para 03/2024
[MainThread] - 2025-07-01 19:31:22,536 - INFO - Aba Pagamentos selecionada com sucesso.

[MainThread] - 2025-07-01 19:31:22,548 - INFO - Aba Pagamentos selecionada com sucesso.

[MainThread] - 2025-07-01 19:31:22,557 - INFO -  Página carregada com sucesso.

[MainThread] - 2025-07-01 19:31:22,558 - INFO -  Iniciando extração para 01/2024
[MainThread] - 2025-07-01 19:31:22,571 - INFO -  Página carregada com sucesso.

[MainThread] - 2025-07-01 19:31:22,573 - INFO -  Iniciando extração para 02/2024
[MainThread] - 2025-07-01 19:31:32,050 - ERROR -  Erro durante a extração para 03/2024: Message: 
Stacktrace:
	GetHandleVerifier [0x0x794553+62419]
	GetHandleVerifier [0x0x794594+62484]
	(No symbol) [0x0x5d2133]
	(No symbol) [0x0x61a8fe]
	(No symbol) [0x0x61ac9b]
	(No symbol) [0x0x663052]
	(No symbol) [0x0x63f4b4]
	(No symbol) [0x0x66087a]
	(No symbol) [0x0x63f266]
	(No symbol) [0x0x60e852]
	(No symbol) [0x0x60f6f4]
	GetHandleVerifier [0x0xa04833+2619059]
	GetHandleVerifier [0x0x9ffc4a+2599626]
	GetHandleVerifier [0x0x7bb0fa+221050]
	GetHandleVerifier [0x0x7ab378+156152]
	GetHandleVerifier [0x0x7b1d2d+183213]
	GetHandleVerifier [0x0x79c438+94904]
	GetHandleVerifier [0x0x79c5c2+95298]
	GetHandleVerifier [0x0x78771a+9626]
	BaseThreadInitThunk [0x0x76e37ba9+25]
	RtlInitializeExceptionChain [0x0x7752c28b+107]
	RtlClearBits [0x0x7752c20f+191]

[MainThread] - 2025-07-01 19:31:32,800 - ERROR -  Erro durante a extração para 02/2024: Message: 
Stacktrace:
	GetHandleVerifier [0x0x794553+62419]
	GetHandleVerifier [0x0x794594+62484]
	(No symbol) [0x0x5d2133]
	(No symbol) [0x0x61a8fe]
	(No symbol) [0x0x61ac9b]
	(No symbol) [0x0x663052]
	(No symbol) [0x0x63f4b4]
	(No symbol) [0x0x66087a]
	(No symbol) [0x0x63f266]
	(No symbol) [0x0x60e852]
	(No symbol) [0x0x60f6f4]
	GetHandleVerifier [0x0xa04833+2619059]
	GetHandleVerifier [0x0x9ffc4a+2599626]
	GetHandleVerifier [0x0x7bb0fa+221050]
	GetHandleVerifier [0x0x7ab378+156152]
	GetHandleVerifier [0x0x7b1d2d+183213]
	GetHandleVerifier [0x0x79c438+94904]
	GetHandleVerifier [0x0x79c5c2+95298]
	GetHandleVerifier [0x0x78771a+9626]
	BaseThreadInitThunk [0x0x76e37ba9+25]
	RtlInitializeExceptionChain [0x0x7752c28b+107]
	RtlClearBits [0x0x7752c20f+191]

[MainThread] - 2025-07-01 19:31:32,800 - ERROR -  Erro durante a extração para 01/2024: Message: 
Stacktrace:
	GetHandleVerifier [0x0x794553+62419]
	GetHandleVerifier [0x0x794594+62484]
	(No symbol) [0x0x5d2133]
	(No symbol) [0x0x61a8fe]
	(No symbol) [0x0x61ac9b]
	(No symbol) [0x0x663052]
	(No symbol) [0x0x63f4b4]
	(No symbol) [0x0x66087a]
	(No symbol) [0x0x63f266]
	(No symbol) [0x0x60e852]
	(No symbol) [0x0x60f6f4]
	GetHandleVerifier [0x0xa04833+2619059]
	GetHandleVerifier [0x0x9ffc4a+2599626]
	GetHandleVerifier [0x0x7bb0fa+221050]
	GetHandleVerifier [0x0x7ab378+156152]
	GetHandleVerifier [0x0x7b1d2d+183213]
	GetHandleVerifier [0x0x79c438+94904]
	GetHandleVerifier [0x0x79c5c2+95298]
	GetHandleVerifier [0x0x78771a+9626]
	BaseThreadInitThunk [0x0x76e37ba9+25]
	RtlInitializeExceptionChain [0x0x7752c28b+107]
	RtlClearBits [0x0x7752c20f+191]

[MainThread] - 2025-07-01 19:31:34,735 - INFO -  Iniciando driver do Chrome...

[MainThread] - 2025-07-01 19:31:34,987 - INFO -  Iniciando driver do Chrome...

[MainThread] - 2025-07-01 19:31:35,002 - INFO -  Iniciando driver do Chrome...

[MainThread] - 2025-07-01 19:31:40,956 - INFO - Aba Pagamentos selecionada com sucesso.

[MainThread] - 2025-07-01 19:31:40,975 - INFO -  Página carregada com sucesso.

[MainThread] - 2025-07-01 19:31:40,976 - INFO -  Iniciando extração para 05/2024
[MainThread] - 2025-07-01 19:31:40,992 - INFO - Aba Pagamentos selecionada com sucesso.

[MainThread] - 2025-07-01 19:31:41,025 - INFO -  Página carregada com sucesso.

[MainThread] - 2025-07-01 19:31:41,027 - INFO -  Iniciando extração para 06/2024
[MainThread] - 2025-07-01 19:31:41,378 - INFO - Aba Pagamentos selecionada com sucesso.

[MainThread] - 2025-07-01 19:31:41,393 - INFO -  Página carregada com sucesso.

[MainThread] - 2025-07-01 19:31:41,393 - INFO -  Iniciando extração para 04/2024
[MainThread] - 2025-07-01 19:31:51,232 - ERROR -  Erro durante a extração para 05/2024: Message: 
Stacktrace:
	GetHandleVerifier [0x0x794553+62419]
	GetHandleVerifier [0x0x794594+62484]
	(No symbol) [0x0x5d2133]
	(No symbol) [0x0x61a8fe]
	(No symbol) [0x0x61ac9b]
	(No symbol) [0x0x663052]
	(No symbol) [0x0x63f4b4]
	(No symbol) [0x0x66087a]
	(No symbol) [0x0x63f266]
	(No symbol) [0x0x60e852]
	(No symbol) [0x0x60f6f4]
	GetHandleVerifier [0x0xa04833+2619059]
	GetHandleVerifier [0x0x9ffc4a+2599626]
	GetHandleVerifier [0x0x7bb0fa+221050]
	GetHandleVerifier [0x0x7ab378+156152]
	GetHandleVerifier [0x0x7b1d2d+183213]
	GetHandleVerifier [0x0x79c438+94904]
	GetHandleVerifier [0x0x79c5c2+95298]
	GetHandleVerifier [0x0x78771a+9626]
	BaseThreadInitThunk [0x0x76e37ba9+25]
	RtlInitializeExceptionChain [0x0x7752c28b+107]
	RtlClearBits [0x0x7752c20f+191]

[MainThread] - 2025-07-01 19:31:51,251 - ERROR -  Erro durante a extração para 06/2024: Message: 
Stacktrace:
	GetHandleVerifier [0x0x794553+62419]
	GetHandleVerifier [0x0x794594+62484]
	(No symbol) [0x0x5d2133]
	(No symbol) [0x0x61a8fe]
	(No symbol) [0x0x61ac9b]
	(No symbol) [0x0x663052]
	(No symbol) [0x0x63f4b4]
	(No symbol) [0x0x66087a]
	(No symbol) [0x0x63f266]
	(No symbol) [0x0x60e852]
	(No symbol) [0x0x60f6f4]
	GetHandleVerifier [0x0xa04833+2619059]
	GetHandleVerifier [0x0x9ffc4a+2599626]
	GetHandleVerifier [0x0x7bb0fa+221050]
	GetHandleVerifier [0x0x7ab378+156152]
	GetHandleVerifier [0x0x7b1d2d+183213]
	GetHandleVerifier [0x0x79c438+94904]
	GetHandleVerifier [0x0x79c5c2+95298]
	GetHandleVerifier [0x0x78771a+9626]
	BaseThreadInitThunk [0x0x76e37ba9+25]
	RtlInitializeExceptionChain [0x0x7752c28b+107]
	RtlClearBits [0x0x7752c20f+191]

[MainThread] - 2025-07-01 19:31:51,629 - ERROR -  Erro durante a extração para 04/2024: Message: 
Stacktrace:
	GetHandleVerifier [0x0x794553+62419]
	GetHandleVerifier [0x0x794594+62484]
	(No symbol) [0x0x5d2133]
	(No symbol) [0x0x61a8fe]
	(No symbol) [0x0x61ac9b]
	(No symbol) [0x0x663052]
	(No symbol) [0x0x63f4b4]
	(No symbol) [0x0x66087a]
	(No symbol) [0x0x63f266]
	(No symbol) [0x0x60e852]
	(No symbol) [0x0x60f6f4]
	GetHandleVerifier [0x0xa04833+2619059]
	GetHandleVerifier [0x0x9ffc4a+2599626]
	GetHandleVerifier [0x0x7bb0fa+221050]
	GetHandleVerifier [0x0x7ab378+156152]
	GetHandleVerifier [0x0x7b1d2d+183213]
	GetHandleVerifier [0x0x79c438+94904]
	GetHandleVerifier [0x0x79c5c2+95298]
	GetHandleVerifier [0x0x78771a+9626]
	BaseThreadInitThunk [0x0x76e37ba9+25]
	RtlInitializeExceptionChain [0x0x7752c28b+107]
	RtlClearBits [0x0x7752c20f+191]

[MainThread] - 2025-07-01 19:31:53,897 - INFO -  Iniciando driver do Chrome...

[MainThread] - 2025-07-01 19:31:53,898 - INFO -  Iniciando driver do Chrome...

[MainThread] - 2025-07-01 19:31:54,908 - INFO -  Iniciando driver do Chrome...

[MainThread] - 2025-07-01 19:31:58,880 - INFO - Aba Pagamentos selecionada com sucesso.

[MainThread] - 2025-07-01 19:31:58,897 - INFO -  Página carregada com sucesso.

[MainThread] - 2025-07-01 19:31:58,898 - INFO -  Iniciando extração para 08/2024
[MainThread] - 2025-07-01 19:31:58,945 - INFO - Aba Pagamentos selecionada com sucesso.

[MainThread] - 2025-07-01 19:31:58,962 - INFO -  Página carregada com sucesso.

[MainThread] - 2025-07-01 19:31:58,963 - INFO -  Iniciando extração para 07/2024
[MainThread] - 2025-07-01 19:31:59,234 - INFO - Aba Pagamentos selecionada com sucesso.

[MainThread] - 2025-07-01 19:31:59,249 - INFO -  Página carregada com sucesso.

[MainThread] - 2025-07-01 19:31:59,249 - INFO -  Iniciando extração para 09/2024
[MainThread] - 2025-07-01 19:32:09,330 - ERROR -  Erro durante a extração para 08/2024: Message: 
Stacktrace:
	GetHandleVerifier [0x0x794553+62419]
	GetHandleVerifier [0x0x794594+62484]
	(No symbol) [0x0x5d2133]
	(No symbol) [0x0x61a8fe]
	(No symbol) [0x0x61ac9b]
	(No symbol) [0x0x663052]
	(No symbol) [0x0x63f4b4]
	(No symbol) [0x0x66087a]
	(No symbol) [0x0x63f266]
	(No symbol) [0x0x60e852]
	(No symbol) [0x0x60f6f4]
	GetHandleVerifier [0x0xa04833+2619059]
	GetHandleVerifier [0x0x9ffc4a+2599626]
	GetHandleVerifier [0x0x7bb0fa+221050]
	GetHandleVerifier [0x0x7ab378+156152]
	GetHandleVerifier [0x0x7b1d2d+183213]
	GetHandleVerifier [0x0x79c438+94904]
	GetHandleVerifier [0x0x79c5c2+95298]
	GetHandleVerifier [0x0x78771a+9626]
	BaseThreadInitThunk [0x0x76e37ba9+25]
	RtlInitializeExceptionChain [0x0x7752c28b+107]
	RtlClearBits [0x0x7752c20f+191]

[MainThread] - 2025-07-01 19:32:09,387 - ERROR -  Erro durante a extração para 07/2024: Message: 
Stacktrace:
	GetHandleVerifier [0x0x794553+62419]
	GetHandleVerifier [0x0x794594+62484]
	(No symbol) [0x0x5d2133]
	(No symbol) [0x0x61a8fe]
	(No symbol) [0x0x61ac9b]
	(No symbol) [0x0x663052]
	(No symbol) [0x0x63f4b4]
	(No symbol) [0x0x66087a]
	(No symbol) [0x0x63f266]
	(No symbol) [0x0x60e852]
	(No symbol) [0x0x60f6f4]
	GetHandleVerifier [0x0xa04833+2619059]
	GetHandleVerifier [0x0x9ffc4a+2599626]
	GetHandleVerifier [0x0x7bb0fa+221050]
	GetHandleVerifier [0x0x7ab378+156152]
	GetHandleVerifier [0x0x7b1d2d+183213]
	GetHandleVerifier [0x0x79c438+94904]
	GetHandleVerifier [0x0x79c5c2+95298]
	GetHandleVerifier [0x0x78771a+9626]
	BaseThreadInitThunk [0x0x76e37ba9+25]
	RtlInitializeExceptionChain [0x0x7752c28b+107]
	RtlClearBits [0x0x7752c20f+191]

[MainThread] - 2025-07-01 19:32:09,611 - ERROR -  Erro durante a extração para 09/2024: Message: 
Stacktrace:
	GetHandleVerifier [0x0x794553+62419]
	GetHandleVerifier [0x0x794594+62484]
	(No symbol) [0x0x5d2133]
	(No symbol) [0x0x61a8fe]
	(No symbol) [0x0x61ac9b]
	(No symbol) [0x0x663052]
	(No symbol) [0x0x63f4b4]
	(No symbol) [0x0x66087a]
	(No symbol) [0x0x63f266]
	(No symbol) [0x0x60e852]
	(No symbol) [0x0x60f6f4]
	GetHandleVerifier [0x0xa04833+2619059]
	GetHandleVerifier [0x0x9ffc4a+2599626]
	GetHandleVerifier [0x0x7bb0fa+221050]
	GetHandleVerifier [0x0x7ab378+156152]
	GetHandleVerifier [0x0x7b1d2d+183213]
	GetHandleVerifier [0x0x79c438+94904]
	GetHandleVerifier [0x0x79c5c2+95298]
	GetHandleVerifier [0x0x78771a+9626]
	BaseThreadInitThunk [0x0x76e37ba9+25]
	RtlInitializeExceptionChain [0x0x7752c28b+107]
	RtlClearBits [0x0x7752c20f+191]

[MainThread] - 2025-07-01 19:32:12,058 - INFO -  Iniciando driver do Chrome...

[MainThread] - 2025-07-01 19:32:12,058 - INFO -  Iniciando driver do Chrome...

[MainThread] - 2025-07-01 19:32:13,134 - INFO -  Iniciando driver do Chrome...

[MainThread] - 2025-07-01 19:32:19,858 - INFO - Aba Pagamentos selecionada com sucesso.

[MainThread] - 2025-07-01 19:32:19,878 - INFO -  Página carregada com sucesso.

[MainThread] - 2025-07-01 19:32:19,879 - INFO -  Iniciando extração para 11/2024
[MainThread] - 2025-07-01 19:32:19,917 - INFO - Aba Pagamentos selecionada com sucesso.

[MainThread] - 2025-07-01 19:32:19,941 - INFO -  Página carregada com sucesso.

[MainThread] - 2025-07-01 19:32:19,944 - INFO -  Iniciando extração para 10/2024
[MainThread] - 2025-07-01 19:32:20,464 - INFO - Aba Pagamentos selecionada com sucesso.

[MainThread] - 2025-07-01 19:32:20,481 - INFO -  Página carregada com sucesso.

[MainThread] - 2025-07-01 19:32:20,482 - INFO -  Iniciando extração para 12/2024
[MainThread] - 2025-07-01 19:32:30,209 - ERROR -  Erro durante a extração para 11/2024: Message: 
Stacktrace:
	GetHandleVerifier [0x0x794553+62419]
	GetHandleVerifier [0x0x794594+62484]
	(No symbol) [0x0x5d2133]
	(No symbol) [0x0x61a8fe]
	(No symbol) [0x0x61ac9b]
	(No symbol) [0x0x663052]
	(No symbol) [0x0x63f4b4]
	(No symbol) [0x0x66087a]
	(No symbol) [0x0x63f266]
	(No symbol) [0x0x60e852]
	(No symbol) [0x0x60f6f4]
	GetHandleVerifier [0x0xa04833+2619059]
	GetHandleVerifier [0x0x9ffc4a+2599626]
	GetHandleVerifier [0x0x7bb0fa+221050]
	GetHandleVerifier [0x0x7ab378+156152]
	GetHandleVerifier [0x0x7b1d2d+183213]
	GetHandleVerifier [0x0x79c438+94904]
	GetHandleVerifier [0x0x79c5c2+95298]
	GetHandleVerifier [0x0x78771a+9626]
	BaseThreadInitThunk [0x0x76e37ba9+25]
	RtlInitializeExceptionChain [0x0x7752c28b+107]
	RtlClearBits [0x0x7752c20f+191]

[MainThread] - 2025-07-01 19:32:30,253 - ERROR -  Erro durante a extração para 10/2024: Message: 
Stacktrace:
	GetHandleVerifier [0x0x794553+62419]
	GetHandleVerifier [0x0x794594+62484]
	(No symbol) [0x0x5d2133]
	(No symbol) [0x0x61a8fe]
	(No symbol) [0x0x61ac9b]
	(No symbol) [0x0x663052]
	(No symbol) [0x0x63f4b4]
	(No symbol) [0x0x66087a]
	(No symbol) [0x0x63f266]
	(No symbol) [0x0x60e852]
	(No symbol) [0x0x60f6f4]
	GetHandleVerifier [0x0xa04833+2619059]
	GetHandleVerifier [0x0x9ffc4a+2599626]
	GetHandleVerifier [0x0x7bb0fa+221050]
	GetHandleVerifier [0x0x7ab378+156152]
	GetHandleVerifier [0x0x7b1d2d+183213]
	GetHandleVerifier [0x0x79c438+94904]
	GetHandleVerifier [0x0x79c5c2+95298]
	GetHandleVerifier [0x0x78771a+9626]
	BaseThreadInitThunk [0x0x76e37ba9+25]
	RtlInitializeExceptionChain [0x0x7752c28b+107]
	RtlClearBits [0x0x7752c20f+191]

[MainThread] - 2025-07-01 19:32:30,774 - ERROR -  Erro durante a extração para 12/2024: Message: 
Stacktrace:
	GetHandleVerifier [0x0x794553+62419]
	GetHandleVerifier [0x0x794594+62484]
	(No symbol) [0x0x5d2133]
	(No symbol) [0x0x61a8fe]
	(No symbol) [0x0x61ac9b]
	(No symbol) [0x0x663052]
	(No symbol) [0x0x63f4b4]
	(No symbol) [0x0x66087a]
	(No symbol) [0x0x63f266]
	(No symbol) [0x0x60e852]
	(No symbol) [0x0x60f6f4]
	GetHandleVerifier [0x0xa04833+2619059]
	GetHandleVerifier [0x0x9ffc4a+2599626]
	GetHandleVerifier [0x0x7bb0fa+221050]
	GetHandleVerifier [0x0x7ab378+156152]
	GetHandleVerifier [0x0x7b1d2d+183213]
	GetHandleVerifier [0x0x79c438+94904]
	GetHandleVerifier [0x0x79c5c2+95298]
	GetHandleVerifier [0x0x78771a+9626]
	BaseThreadInitThunk [0x0x76e37ba9+25]
	RtlInitializeExceptionChain [0x0x7752c28b+107]
	RtlClearBits [0x0x7752c20f+191]

[MainThread] - 2025-07-01 19:32:33,006 - INFO -  Extração paralela concluída.
