[2025-07-10 10:18:36,928] - INFO - [processar_ano] - ================ INICIANDO PROCESSAMENTO PARA O ANO DE 2018 ================
[2025-07-10 10:18:36,934] - INFO - [start_driver] - Iniciando driver do Chrome...
[2025-07-10 10:18:55,005] - INFO - [selecionar_dropdown] - Selecionando: Pagamento
[2025-07-10 10:19:06,094] - INFO - [selecionar_dropdown] - Selecionando: 2018
[2025-07-10 10:19:21,267] - INFO - [processar_ano] - Clicando no botão 'Buscar' para carregar os resultados iniciais.
[2025-07-10 10:19:57,128] - INFO - [processar_ano] - Tabela de resultados carregada.
[2025-07-10 10:20:01,632] - INFO - [processar_ano] - Processando página de resultados número: 1
[2025-07-10 10:20:05,606] - INFO - [processar_pagina_de_resultados] - Processando nova página de resultados...
[2025-07-10 10:20:10,922] - INFO - [processar_pagina_de_resultados] - Encontradas 10 linhas nesta página.
[2025-07-10 10:22:59,469] - ERROR - [processar_pagina_de_resultados] - Erro ao processar a linha 1 da página. Pulando para a próxima. Erro: Message: 
Stacktrace:
	GetHandleVerifier [0x0x6d44a3+62419]
	GetHandleVerifier [0x0x6d44e4+62484]
	(No symbol) [0x0x512133]
	(No symbol) [0x0x55a8fe]
	(No symbol) [0x0x55ac9b]
	(No symbol) [0x0x5a3052]
	(No symbol) [0x0x57f4b4]
	(No symbol) [0x0x5a087a]
	(No symbol) [0x0x57f266]
	(No symbol) [0x0x54e852]
	(No symbol) [0x0x54f6f4]
	GetHandleVerifier [0x0x944793+2619075]
	GetHandleVerifier [0x0x93fbaa+2599642]
	GetHandleVerifier [0x0x6fb04a+221050]
	GetHandleVerifier [0x0x6eb2c8+156152]
	GetHandleVerifier [0x0x6f1c7d+183213]
	GetHandleVerifier [0x0x6dc388+94904]
	GetHandleVerifier [0x0x6dc512+95298]
	GetHandleVerifier [0x0x6c766a+9626]
	BaseThreadInitThunk [0x0x76437ba9+25]
	RtlInitializeExceptionChain [0x0x7798c28b+107]
	RtlClearBits [0x0x7798c20f+191]

[2025-07-10 10:31:03,147] - ERROR - [processar_pagina_de_resultados] - Erro ao processar a linha 2 da página. Pulando para a próxima. Erro: Message: 
Stacktrace:
	GetHandleVerifier [0x0x6d44a3+62419]
	GetHandleVerifier [0x0x6d44e4+62484]
	(No symbol) [0x0x512133]
	(No symbol) [0x0x55a8fe]
	(No symbol) [0x0x55ac9b]
	(No symbol) [0x0x5a3052]
	(No symbol) [0x0x57f4b4]
	(No symbol) [0x0x5a087a]
	(No symbol) [0x0x57f266]
	(No symbol) [0x0x54e852]
	(No symbol) [0x0x54f6f4]
	GetHandleVerifier [0x0x944793+2619075]
	GetHandleVerifier [0x0x93fbaa+2599642]
	GetHandleVerifier [0x0x6fb04a+221050]
	GetHandleVerifier [0x0x6eb2c8+156152]
	GetHandleVerifier [0x0x6f1c7d+183213]
	GetHandleVerifier [0x0x6dc388+94904]
	GetHandleVerifier [0x0x6dc512+95298]
	GetHandleVerifier [0x0x6c766a+9626]
	BaseThreadInitThunk [0x0x76437ba9+25]
	RtlInitializeExceptionChain [0x0x7798c28b+107]
	RtlClearBits [0x0x7798c20f+191]

[2025-07-10 10:32:26,726] - ERROR - [processar_pagina_de_resultados] - Erro ao processar a linha 3 da página. Pulando para a próxima. Erro: Message: 
Stacktrace:
	GetHandleVerifier [0x0x6d44a3+62419]
	GetHandleVerifier [0x0x6d44e4+62484]
	(No symbol) [0x0x512133]
	(No symbol) [0x0x55a8fe]
	(No symbol) [0x0x55ac9b]
	(No symbol) [0x0x5a3052]
	(No symbol) [0x0x57f4b4]
	(No symbol) [0x0x5a087a]
	(No symbol) [0x0x57f266]
	(No symbol) [0x0x54e852]
	(No symbol) [0x0x54f6f4]
	GetHandleVerifier [0x0x944793+2619075]
	GetHandleVerifier [0x0x93fbaa+2599642]
	GetHandleVerifier [0x0x6fb04a+221050]
	GetHandleVerifier [0x0x6eb2c8+156152]
	GetHandleVerifier [0x0x6f1c7d+183213]
	GetHandleVerifier [0x0x6dc388+94904]
	GetHandleVerifier [0x0x6dc512+95298]
	GetHandleVerifier [0x0x6c766a+9626]
	BaseThreadInitThunk [0x0x76437ba9+25]
	RtlInitializeExceptionChain [0x0x7798c28b+107]
	RtlClearBits [0x0x7798c20f+191]

[2025-07-10 10:32:26,757] - ERROR - [processar_pagina_de_resultados] - Erro ao processar a linha 4 da página. Pulando para a próxima. Erro: list index out of range
[2025-07-10 10:32:26,788] - ERROR - [processar_pagina_de_resultados] - Erro ao processar a linha 5 da página. Pulando para a próxima. Erro: list index out of range
[2025-07-10 10:32:26,863] - ERROR - [processar_pagina_de_resultados] - Erro ao processar a linha 6 da página. Pulando para a próxima. Erro: list index out of range
